  SUPER_16QAM2.cpp
c:\users\jimmy\documents\github\sci\simulator\simulator\mapper.h(19): warning C4005: 'PI': 매크로 재정의
  c:\users\jimmy\documents\github\sci\simulator\simulator\complex_new.h(13): note: 'PI'의 이전 정의를 참조하십시오.
c:\users\jimmy\documents\github\sci\simulator\simulator\super_16qam2.cpp(83): warning C4267: '초기화 중': 'size_t'에서 'int'(으)로 변환하면서 데이터가 손실될 수 있습니다.
c:\users\jimmy\documents\github\sci\simulator\simulator\super_16qam2.cpp(201): warning C4267: '초기화 중': 'size_t'에서 'int'(으)로 변환하면서 데이터가 손실될 수 있습니다.
c:\users\jimmy\documents\github\sci\simulator\simulator\super_16qam2.cpp(244): warning C4244: '초기화 중': 'double'에서 'int'(으)로 변환하면서 데이터가 손실될 수 있습니다.
c:\users\jimmy\documents\github\sci\simulator\simulator\super_16qam2.cpp(249): warning C4244: '초기화 중': 'double'에서 'int'(으)로 변환하면서 데이터가 손실될 수 있습니다.
c:\users\jimmy\documents\github\sci\simulator\simulator\super_16qam2.cpp(325): warning C4244: '인수': 'double'에서 'const unsigned __int64'(으)로 변환하면서 데이터가 손실될 수 있습니다.
c:\users\jimmy\documents\github\sci\simulator\simulator\super_16qam2.cpp(326): warning C4244: '인수': 'double'에서 'const unsigned __int64'(으)로 변환하면서 데이터가 손실될 수 있습니다.
c:\users\jimmy\documents\github\sci\simulator\simulator\super_16qam2.cpp(378): warning C4244: '=': 'double'에서 'int'(으)로 변환하면서 데이터가 손실될 수 있습니다.
c:\users\jimmy\documents\github\sci\simulator\simulator\super_16qam2.cpp(389): warning C4244: '=': 'double'에서 'int'(으)로 변환하면서 데이터가 손실될 수 있습니다.
c:\users\jimmy\documents\github\sci\simulator\simulator\super_16qam2.cpp(536): warning C4267: '인수': 'size_t'에서 'int'(으)로 변환하면서 데이터가 손실될 수 있습니다.
c:\users\jimmy\documents\github\sci\simulator\simulator\super_16qam2.cpp(549): warning C4267: '인수': 'size_t'에서 'int'(으)로 변환하면서 데이터가 손실될 수 있습니다.
c:\users\jimmy\documents\github\sci\simulator\simulator\super_16qam2.cpp(552): warning C4267: '인수': 'size_t'에서 'int'(으)로 변환하면서 데이터가 손실될 수 있습니다.
c:\users\jimmy\documents\github\sci\simulator\simulator\super_16qam2.cpp(555): warning C4267: '인수': 'size_t'에서 'int'(으)로 변환하면서 데이터가 손실될 수 있습니다.
c:\users\jimmy\documents\github\sci\simulator\simulator\super_16qam2.cpp(558): warning C4267: '인수': 'size_t'에서 'int'(으)로 변환하면서 데이터가 손실될 수 있습니다.
c:\users\jimmy\documents\github\sci\simulator\simulator\super_16qam2.cpp(580): warning C4267: '인수': 'size_t'에서 'int'(으)로 변환하면서 데이터가 손실될 수 있습니다.
c:\users\jimmy\documents\github\sci\simulator\simulator\super_16qam2.cpp(591): warning C4267: '인수': 'size_t'에서 'int'(으)로 변환하면서 데이터가 손실될 수 있습니다.
c:\users\jimmy\documents\github\sci\simulator\simulator\super_16qam2.cpp(321): warning C4101: 'SNR_RD' :참조되지 않은 지역 변수입니다.
c:\users\jimmy\documents\github\sci\simulator\simulator\super_16qam2.cpp(321): warning C4101: 'SNR_SR' :참조되지 않은 지역 변수입니다.
  Simulator.vcxproj -> C:\Users\Jimmy\Documents\Github\SCI\Simulator\x64\Debug\Simulator.exe
