C:\Program Files (x86)\Microsoft Visual Studio\2019\Community\MSBuild\Microsoft\VC\v160\Microsoft.CppBuild.targets(397,5): warning MSB8004: Output 디렉터리가 슬래시로 끝나지 않습니다. Output 디렉터리의 적절한 평가를 허용하는 데 필요하므로 이 빌드 인스턴스에서 슬래시를 추가합니다.
  Mapper.cpp
C:\Users\user\Documents\GitHub\SCI\Simulator\Simulator\Mapper.h(19): warning C4005: 'PI': 매크로 재정의
  C:\Users\user\Documents\GitHub\SCI\Simulator\Simulator\Complex_new.h(13): note: 'PI'의 이전 정의를 참조하십시오.
C:\Users\user\Documents\GitHub\SCI\Simulator\Simulator\Mapper.cpp(114): warning C4101: 'i' :참조되지 않은 지역 변수입니다.
C:\Users\user\Documents\GitHub\SCI\Simulator\Simulator\Mapper.cpp(645): warning C4101: 'j' :참조되지 않은 지역 변수입니다.
C:\Users\user\Documents\GitHub\SCI\Simulator\Simulator\Mapper.cpp(662): warning C4101: 'j' :참조되지 않은 지역 변수입니다.
C:\Users\user\Documents\GitHub\SCI\Simulator\Simulator\Mapper.cpp(969): warning C4018: '<': signed 또는 unsigned가 일치하지 않습니다.
C:\Users\user\Documents\GitHub\SCI\Simulator\Simulator\Mapper.cpp(1141): warning C4244: '=': 'double'에서 'int'(으)로 변환하면서 데이터가 손실될 수 있습니다.
C:\Users\user\Documents\GitHub\SCI\Simulator\Simulator\Mapper.cpp(1142): warning C4244: '=': 'double'에서 'int'(으)로 변환하면서 데이터가 손실될 수 있습니다.
C:\Users\user\Documents\GitHub\SCI\Simulator\Simulator\Mapper.cpp(1143): warning C4244: '=': 'double'에서 'int'(으)로 변환하면서 데이터가 손실될 수 있습니다.
C:\Users\user\Documents\GitHub\SCI\Simulator\Simulator\Mapper.cpp(1144): warning C4244: '=': 'double'에서 'int'(으)로 변환하면서 데이터가 손실될 수 있습니다.
C:\Users\user\Documents\GitHub\SCI\Simulator\Simulator\Mapper.cpp(1146): warning C4244: '=': 'double'에서 'int'(으)로 변환하면서 데이터가 손실될 수 있습니다.
C:\Users\user\Documents\GitHub\SCI\Simulator\Simulator\Mapper.cpp(1147): warning C4244: '=': 'double'에서 'int'(으)로 변환하면서 데이터가 손실될 수 있습니다.
C:\Users\user\Documents\GitHub\SCI\Simulator\Simulator\Mapper.cpp(1148): warning C4244: '=': 'double'에서 'int'(으)로 변환하면서 데이터가 손실될 수 있습니다.
C:\Users\user\Documents\GitHub\SCI\Simulator\Simulator\Mapper.cpp(1149): warning C4244: '=': 'double'에서 'int'(으)로 변환하면서 데이터가 손실될 수 있습니다.
C:\Users\user\Documents\GitHub\SCI\Simulator\Simulator\Mapper.cpp(1468): warning C4101: 'max0' :참조되지 않은 지역 변수입니다.
C:\Users\user\Documents\GitHub\SCI\Simulator\Simulator\Mapper.cpp(1468): warning C4101: 'max1' :참조되지 않은 지역 변수입니다.
  SUPER_16QAM.cpp
C:\Users\user\Documents\GitHub\SCI\Simulator\Simulator\Mapper.h(19): warning C4005: 'PI': 매크로 재정의
  C:\Users\user\Documents\GitHub\SCI\Simulator\Simulator\Complex_new.h(13): note: 'PI'의 이전 정의를 참조하십시오.
C:\Users\user\Documents\GitHub\SCI\Simulator\Simulator\SUPER_16QAM.cpp(242): warning C4244: '초기화 중': 'double'에서 'int'(으)로 변환하면서 데이터가 손실될 수 있습니다.
C:\Users\user\Documents\GitHub\SCI\Simulator\Simulator\SUPER_16QAM.cpp(246): warning C4244: '초기화 중': 'double'에서 'int'(으)로 변환하면서 데이터가 손실될 수 있습니다.
C:\Users\user\Documents\GitHub\SCI\Simulator\Simulator\SUPER_16QAM.cpp(312): warning C4244: '인수': 'double'에서 'const unsigned int'(으)로 변환하면서 데이터가 손실될 수 있습니다.
C:\Users\user\Documents\GitHub\SCI\Simulator\Simulator\SUPER_16QAM.cpp(313): warning C4244: '인수': 'double'에서 'const unsigned int'(으)로 변환하면서 데이터가 손실될 수 있습니다.
C:\Users\user\Documents\GitHub\SCI\Simulator\Simulator\SUPER_16QAM.cpp(365): warning C4244: '=': 'double'에서 'int'(으)로 변환하면서 데이터가 손실될 수 있습니다.
C:\Users\user\Documents\GitHub\SCI\Simulator\Simulator\SUPER_16QAM.cpp(376): warning C4244: '=': 'double'에서 'int'(으)로 변환하면서 데이터가 손실될 수 있습니다.
C:\Users\user\Documents\GitHub\SCI\Simulator\Simulator\SUPER_16QAM.cpp(308): warning C4101: 'SNR_RD' :참조되지 않은 지역 변수입니다.
C:\Users\user\Documents\GitHub\SCI\Simulator\Simulator\SUPER_16QAM.cpp(308): warning C4101: 'SNR_SR' :참조되지 않은 지역 변수입니다.
  Turbo2.cpp
C:\Users\user\Documents\GitHub\SCI\Simulator\Simulator\Mapper.h(19): warning C4005: 'PI': 매크로 재정의
  C:\Users\user\Documents\GitHub\SCI\Simulator\Simulator\complex_new.h(13): note: 'PI'의 이전 정의를 참조하십시오.
C:\Users\user\Documents\GitHub\SCI\Simulator\Simulator\Turbo2.cpp(17): warning C4244: '=': 'double'에서 'int'(으)로 변환하면서 데이터가 손실될 수 있습니다.
C:\Users\user\Documents\GitHub\SCI\Simulator\Simulator\Turbo2.cpp(176): warning C4018: '<': signed 또는 unsigned가 일치하지 않습니다.
C:\Users\user\Documents\GitHub\SCI\Simulator\Simulator\Turbo2.cpp(210): warning C4018: '<': signed 또는 unsigned가 일치하지 않습니다.
  코드를 생성하고 있습니다.
  3 of 1317 functions ( 0.2%) were compiled, the rest were copied from previous compilation.
    0 functions were new in current compilation
    1 functions had inline decision re-evaluated but remain unchanged
  코드를 생성했습니다.
  Simulator.vcxproj -> C:\Users\user\Documents\GitHub\SCI\Simulator\Simulator\.\Simulator.exe
