C:\Program Files (x86)\Microsoft Visual Studio\2017\Community\Common7\IDE\VC\VCTargets\Microsoft.CppBuild.targets(377,5): warning MSB8004: Output 디렉터리가 슬래시로 끝나지 않습니다. Output 디렉터리의 적절한 평가를 허용하는 데 필요하므로 이 빌드 인스턴스에서 슬래시를 추가합니다.
  Analog_HARQ.cpp
  CDRT_UL.cpp
  CDRT_UL_8PSK.cpp
  CONV_SM.cpp
  CONV_SUPER_BLC.cpp
  CoMP.cpp
  Global_function.cpp
c:\users\jb\documents\sci\simulator\simulator\global_function.cpp(6): warning C4267: '초기화 중': 'size_t'에서 'int'(으)로 변환하면서 데이터가 손실될 수 있습니다.
  INCRE_ITER_SUPER.cpp
  LLR_HARQ.cpp
  LLR_HARQ2.cpp
  LLR_HARQ3.cpp
  LLR_HARQ4.cpp
  LLR_HARQ_SMALL_ALPHA.cpp
  Larger_Relay_Analog_Comb.cpp
  Larger_Relay_LLR_Comb.cpp
  Larger_Relay_SIC.cpp
  NEW_SM.cpp
c:\users\jb\documents\sci\simulator\simulator\mapper.h(19): warning C4005: 'PI': 매크로 재정의
  c:\users\jb\documents\sci\simulator\simulator\complex_new.h(13): note: 'PI'의 이전 정의를 참조하십시오.
c:\users\jb\documents\sci\simulator\simulator\new_sm.cpp(84): warning C4267: '초기화 중': 'size_t'에서 'int'(으)로 변환하면서 데이터가 손실될 수 있습니다.
c:\users\jb\documents\sci\simulator\simulator\new_sm.cpp(232): warning C4244: '초기화 중': 'double'에서 'int'(으)로 변환하면서 데이터가 손실될 수 있습니다.
c:\users\jb\documents\sci\simulator\simulator\new_sm.cpp(237): warning C4244: '초기화 중': 'double'에서 'int'(으)로 변환하면서 데이터가 손실될 수 있습니다.
c:\users\jb\documents\sci\simulator\simulator\new_sm.cpp(333): warning C4244: '인수': 'double'에서 'const unsigned __int64'(으)로 변환하면서 데이터가 손실될 수 있습니다.
c:\users\jb\documents\sci\simulator\simulator\new_sm.cpp(334): warning C4244: '인수': 'double'에서 'const unsigned __int64'(으)로 변환하면서 데이터가 손실될 수 있습니다.
c:\users\jb\documents\sci\simulator\simulator\new_sm.cpp(399): warning C4244: '=': 'double'에서 'int'(으)로 변환하면서 데이터가 손실될 수 있습니다.
c:\users\jb\documents\sci\simulator\simulator\new_sm.cpp(410): warning C4244: '=': 'double'에서 'int'(으)로 변환하면서 데이터가 손실될 수 있습니다.
c:\users\jb\documents\sci\simulator\simulator\new_sm.cpp(561): warning C4267: '인수': 'size_t'에서 'int'(으)로 변환하면서 데이터가 손실될 수 있습니다.
c:\users\jb\documents\sci\simulator\simulator\new_sm.cpp(571): warning C4267: '인수': 'size_t'에서 'int'(으)로 변환하면서 데이터가 손실될 수 있습니다.
c:\users\jb\documents\sci\simulator\simulator\new_sm.cpp(574): warning C4267: '인수': 'size_t'에서 'int'(으)로 변환하면서 데이터가 손실될 수 있습니다.
c:\users\jb\documents\sci\simulator\simulator\new_sm.cpp(577): warning C4267: '인수': 'size_t'에서 'int'(으)로 변환하면서 데이터가 손실될 수 있습니다.
c:\users\jb\documents\sci\simulator\simulator\new_sm.cpp(580): warning C4267: '인수': 'size_t'에서 'int'(으)로 변환하면서 데이터가 손실될 수 있습니다.
c:\users\jb\documents\sci\simulator\simulator\new_sm.cpp(593): warning C4267: '인수': 'size_t'에서 'int'(으)로 변환하면서 데이터가 손실될 수 있습니다.
c:\users\jb\documents\sci\simulator\simulator\new_sm.cpp(609): warning C4267: '인수': 'size_t'에서 'int'(으)로 변환하면서 데이터가 손실될 수 있습니다.
c:\users\jb\documents\sci\simulator\simulator\new_sm.cpp(617): warning C4267: '인수': 'size_t'에서 'int'(으)로 변환하면서 데이터가 손실될 수 있습니다.
c:\users\jb\documents\sci\simulator\simulator\new_sm.cpp(630): warning C4267: '인수': 'size_t'에서 'int'(으)로 변환하면서 데이터가 손실될 수 있습니다.
c:\users\jb\documents\sci\simulator\simulator\new_sm.cpp(329): warning C4101: 'SNR_RD' :참조되지 않은 지역 변수입니다.
c:\users\jb\documents\sci\simulator\simulator\new_sm.cpp(329): warning C4101: 'SNR_SR' :참조되지 않은 지역 변수입니다.
  PAM_SUPER_BLC.cpp
  PARTIAL_SM.cpp
  PARTIAL_SM_PRIOR_SOURCE.cpp
  컴파일하고 있습니다...
  PhaseExtension.cpp
  QPSK2QAM.cpp
  SIC.cpp
  SUPER_16QAM.cpp
  SUPER_16QAM2.cpp
  Super_CoMP.cpp
  analog_comb.cpp
  log_comb.cpp
  log_comb2.cpp
  코드를 생성하고 있습니다.
  513 of 1434 functions (35.8%) were compiled, the rest were copied from previous compilation.
    30 functions were new in current compilation
    94 functions had inline decision re-evaluated but remain unchanged
  코드를 생성했습니다.
  Simulator.vcxproj -> C:\Users\JB\Documents\SCI\Simulator\Simulator\.\Simulator.exe
