  analog_comb.cpp
  Analog_HARQ.cpp
  CDRT_UL.cpp
  CDRT_UL_8PSK.cpp
  Combining.cpp
  CoMP.cpp
  CONV_SUPER_BLC.cpp
  Detector.cpp
C:\Users\user\Documents\GitHub\SCI\Simulator\Simulator\Detector.cpp(22): warning C4018: '<': signed 또는 unsigned가 일치하지 않습니다.
C:\Users\user\Documents\GitHub\SCI\Simulator\Simulator\Detector.cpp(32): warning C4018: '<': signed 또는 unsigned가 일치하지 않습니다.
C:\Users\user\Documents\GitHub\SCI\Simulator\Simulator\Detector.cpp(37): warning C4018: '<': signed 또는 unsigned가 일치하지 않습니다.
C:\Users\user\Documents\GitHub\SCI\Simulator\Simulator\Detector.cpp(48): warning C4018: '<': signed 또는 unsigned가 일치하지 않습니다.
  Global_function.cpp
  INCRE_ITER_SUPER.cpp
  Larger_Relay_Analog_Comb.cpp
  Larger_Relay_LLR_Comb.cpp
  Larger_Relay_SIC.cpp
  LLR_HARQ.cpp
  LLR_HARQ2.cpp
  LLR_HARQ3.cpp
  LLR_HARQ4.cpp
  LLR_HARQ_SMALL_ALPHA.cpp
  log_comb.cpp
  log_comb2.cpp
  코드를 생성하고 있습니다...
  컴파일하고 있습니다...
  Mapper.cpp
C:\Users\user\Documents\GitHub\SCI\Simulator\Simulator\Mapper.h(19): warning C4005: 'PI': 매크로 재정의
  C:\Users\user\Documents\GitHub\SCI\Simulator\Simulator\Complex_new.h(13): note: 'PI'의 이전 정의를 참조하십시오.
C:\Users\user\Documents\GitHub\SCI\Simulator\Simulator\Mapper.cpp(124): warning C4101: 'i' :참조되지 않은 지역 변수입니다.
C:\Users\user\Documents\GitHub\SCI\Simulator\Simulator\Mapper.cpp(714): warning C4101: 'j' :참조되지 않은 지역 변수입니다.
C:\Users\user\Documents\GitHub\SCI\Simulator\Simulator\Mapper.cpp(731): warning C4101: 'j' :참조되지 않은 지역 변수입니다.
C:\Users\user\Documents\GitHub\SCI\Simulator\Simulator\Mapper.cpp(1038): warning C4018: '<': signed 또는 unsigned가 일치하지 않습니다.
C:\Users\user\Documents\GitHub\SCI\Simulator\Simulator\Mapper.cpp(1614): warning C4101: 'max0' :참조되지 않은 지역 변수입니다.
C:\Users\user\Documents\GitHub\SCI\Simulator\Simulator\Mapper.cpp(1614): warning C4101: 'max1' :참조되지 않은 지역 변수입니다.
  PAM_SUPER_BLC.cpp
  PARTIAL_SM.cpp
C:\Users\user\Documents\GitHub\SCI\Simulator\Simulator\Mapper.h(19): warning C4005: 'PI': 매크로 재정의
  C:\Users\user\Documents\GitHub\SCI\Simulator\Simulator\complex_new.h(13): note: 'PI'의 이전 정의를 참조하십시오.
C:\Users\user\Documents\GitHub\SCI\Simulator\Simulator\PARTIAL_SM.cpp(228): warning C4244: '초기화 중': 'double'에서 'int'(으)로 변환하면서 데이터가 손실될 수 있습니다.
C:\Users\user\Documents\GitHub\SCI\Simulator\Simulator\PARTIAL_SM.cpp(232): warning C4244: '초기화 중': 'double'에서 'int'(으)로 변환하면서 데이터가 손실될 수 있습니다.
C:\Users\user\Documents\GitHub\SCI\Simulator\Simulator\PARTIAL_SM.cpp(298): warning C4244: '인수': 'double'에서 'const unsigned int'(으)로 변환하면서 데이터가 손실될 수 있습니다.
C:\Users\user\Documents\GitHub\SCI\Simulator\Simulator\PARTIAL_SM.cpp(299): warning C4244: '인수': 'double'에서 'const unsigned int'(으)로 변환하면서 데이터가 손실될 수 있습니다.
C:\Users\user\Documents\GitHub\SCI\Simulator\Simulator\PARTIAL_SM.cpp(351): warning C4244: '=': 'double'에서 'int'(으)로 변환하면서 데이터가 손실될 수 있습니다.
C:\Users\user\Documents\GitHub\SCI\Simulator\Simulator\PARTIAL_SM.cpp(362): warning C4244: '=': 'double'에서 'int'(으)로 변환하면서 데이터가 손실될 수 있습니다.
C:\Users\user\Documents\GitHub\SCI\Simulator\Simulator\PARTIAL_SM.cpp(294): warning C4101: 'SNR_RD' :참조되지 않은 지역 변수입니다.
C:\Users\user\Documents\GitHub\SCI\Simulator\Simulator\PARTIAL_SM.cpp(294): warning C4101: 'SNR_SR' :참조되지 않은 지역 변수입니다.
  PhaseExtension.cpp
  QPSK2QAM.cpp
  SIC.cpp
  SUPER_16QAM.cpp
  SUPER_16QAM2.cpp
  Super_CoMP.cpp
  Turbo2.cpp
C:\Users\user\Documents\GitHub\SCI\Simulator\Simulator\Mapper.h(19): warning C4005: 'PI': 매크로 재정의
  C:\Users\user\Documents\GitHub\SCI\Simulator\Simulator\complex_new.h(13): note: 'PI'의 이전 정의를 참조하십시오.
C:\Users\user\Documents\GitHub\SCI\Simulator\Simulator\Turbo2.cpp(17): warning C4244: '=': 'double'에서 'int'(으)로 변환하면서 데이터가 손실될 수 있습니다.
C:\Users\user\Documents\GitHub\SCI\Simulator\Simulator\Turbo2.cpp(184): warning C4018: '<': signed 또는 unsigned가 일치하지 않습니다.
C:\Users\user\Documents\GitHub\SCI\Simulator\Simulator\Turbo2.cpp(218): warning C4018: '<': signed 또는 unsigned가 일치하지 않습니다.
  코드를 생성하고 있습니다...
  LINK : C:\Users\user\Documents\GitHub\SCI\Simulator\Debug\Simulator.exe을(를) 찾을 수 없거나 마지막 증분 링크에 의해 빌드되지 않았습니다. 전체 링크를 수행하고 있습니다.
  Simulator.vcxproj -> C:\Users\user\Documents\GitHub\SCI\Simulator\Debug\Simulator.exe
